[ 2017-02-25T11:03:22+08:00 ] 127.0.0.1 /
INFO: [ app_init ] --START--
INFO: Run Behavior\BuildLiteBehavior [ RunTime:0.000040s ]
INFO: [ app_init ] --END-- [ RunTime:0.013141s ]
INFO: [ app_begin ] --START--
INFO: Run Behavior\ReadHtmlCacheBehavior [ RunTime:0.002135s ]
INFO: [ app_begin ] --END-- [ RunTime:0.002336s ]
ERR: SQLSTATE[HY000] [2002] 由于连接方在一段时间后没有正确答复或连接的主机没有反应，连接尝试失败。


[ 2017-02-25T11:09:08+08:00 ] 127.0.0.1 /
INFO: [ app_init ] --START--
INFO: Run Behavior\BuildLiteBehavior [ RunTime:0.000017s ]
INFO: [ app_init ] --END-- [ RunTime:0.000467s ]
INFO: [ app_begin ] --START--
INFO: Run Behavior\ReadHtmlCacheBehavior [ RunTime:0.000709s ]
INFO: [ app_begin ] --END-- [ RunTime:0.000767s ]
SQL: SHOW COLUMNS FROM `s_user_wallet_annualized_rate` [ RunTime:0.0173s ]
SQL: SELECT * FROM `s_user_wallet_annualized_rate` WHERE `add_time` = '2017-02-25' LIMIT 1   [ RunTime:0.0155s ]
SQL: SHOW COLUMNS FROM `s_project` [ RunTime:0.0185s ]
SQL: SELECT `id`,`user_interest` FROM `s_project` WHERE ( term_type=1 and status=2 and is_delete=0 and (start_time<='2017-02-25 11:09:08' or is_countdown=1) ) ORDER BY status asc,global_top desc,local_top desc,user_interest desc,duration asc,add_time desc LIMIT 5   [ RunTime:0.0147s ]
INFO: [ view_parse ] --START--
INFO: [ template_filter ] --START--
INFO: Run Behavior\ContentReplaceBehavior [ RunTime:0.000098s ]
INFO: [ template_filter ] --END-- [ RunTime:0.000177s ]
INFO: Run Behavior\ParseTemplateBehavior [ RunTime:0.013997s ]
INFO: [ view_parse ] --END-- [ RunTime:0.014067s ]
INFO: [ view_filter ] --START--
INFO: Run Behavior\WriteHtmlCacheBehavior [ RunTime:0.000659s ]
INFO: [ view_filter ] --END-- [ RunTime:0.000712s ]
INFO: [ app_end ] --START--
INFO: Run Behavior\ShowPageTraceBehavior [ RunTime:0.000817s ]
INFO: [ app_end ] --END-- [ RunTime:0.000880s ]

[ 2017-02-25T11:09:31+08:00 ] 127.0.0.1 /
INFO: [ app_init ] --START--
INFO: Run Behavior\BuildLiteBehavior [ RunTime:0.000013s ]
INFO: [ app_init ] --END-- [ RunTime:0.000354s ]
INFO: [ app_begin ] --START--
INFO: Run Behavior\ReadHtmlCacheBehavior [ RunTime:0.000851s ]
INFO: [ app_begin ] --END-- [ RunTime:0.000921s ]
SQL: SHOW COLUMNS FROM `s_user_wallet_annualized_rate` [ RunTime:0.0109s ]
SQL: SELECT * FROM `s_user_wallet_annualized_rate` WHERE `add_time` = '2017-02-25' LIMIT 1   [ RunTime:0.0158s ]
SQL: SHOW COLUMNS FROM `s_project` [ RunTime:0.0166s ]
SQL: SELECT `id`,`user_interest` FROM `s_project` WHERE ( term_type=1 and status=2 and is_delete=0 and (start_time<='2017-02-25 11:09:31' or is_countdown=1) ) ORDER BY status asc,global_top desc,local_top desc,user_interest desc,duration asc,add_time desc LIMIT 5   [ RunTime:0.0115s ]
INFO: [ view_parse ] --START--
INFO: [ template_filter ] --START--
INFO: Run Behavior\ContentReplaceBehavior [ RunTime:0.000093s ]
INFO: [ template_filter ] --END-- [ RunTime:0.000149s ]
INFO: Run Behavior\ParseTemplateBehavior [ RunTime:0.013347s ]
INFO: [ view_parse ] --END-- [ RunTime:0.013404s ]
INFO: [ view_filter ] --START--
INFO: Run Behavior\WriteHtmlCacheBehavior [ RunTime:0.000374s ]
INFO: [ view_filter ] --END-- [ RunTime:0.000416s ]
INFO: [ app_end ] --START--
INFO: Run Behavior\ShowPageTraceBehavior [ RunTime:0.000772s ]
INFO: [ app_end ] --END-- [ RunTime:0.000845s ]

[ 2017-02-25T11:09:56+08:00 ] 127.0.0.1 /
INFO: [ app_init ] --START--
INFO: Run Behavior\BuildLiteBehavior [ RunTime:0.000019s ]
INFO: [ app_init ] --END-- [ RunTime:0.000910s ]
INFO: [ app_begin ] --START--
INFO: Run Behavior\ReadHtmlCacheBehavior [ RunTime:0.000630s ]
INFO: [ app_begin ] --END-- [ RunTime:0.000692s ]
SQL: SHOW COLUMNS FROM `s_user_wallet_annualized_rate` [ RunTime:0.0104s ]
SQL: SELECT * FROM `s_user_wallet_annualized_rate` WHERE `add_time` = '2017-02-25' LIMIT 1   [ RunTime:0.0106s ]
SQL: SHOW COLUMNS FROM `s_project` [ RunTime:0.0139s ]
SQL: SELECT `id`,`user_interest` FROM `s_project` WHERE ( term_type=1 and status=2 and is_delete=0 and (start_time<='2017-02-25 11:09:56' or is_countdown=1) ) ORDER BY status asc,global_top desc,local_top desc,user_interest desc,duration asc,add_time desc LIMIT 5   [ RunTime:0.0183s ]
INFO: [ view_parse ] --START--
INFO: [ template_filter ] --START--
INFO: Run Behavior\ContentReplaceBehavior [ RunTime:0.000094s ]
INFO: [ template_filter ] --END-- [ RunTime:0.000158s ]
INFO: Run Behavior\ParseTemplateBehavior [ RunTime:0.012286s ]
INFO: [ view_parse ] --END-- [ RunTime:0.012362s ]
INFO: [ view_filter ] --START--
INFO: Run Behavior\WriteHtmlCacheBehavior [ RunTime:0.000376s ]
INFO: [ view_filter ] --END-- [ RunTime:0.000440s ]
INFO: [ app_end ] --START--
INFO: Run Behavior\ShowPageTraceBehavior [ RunTime:0.000926s ]
INFO: [ app_end ] --END-- [ RunTime:0.001011s ]

